{
  "stats": {
    "suites": 1,
    "tests": 1,
    "passes": 1,
    "pending": 0,
    "failures": 0,
    "start": "2017-04-28T07:08:23.602Z",
    "end": "2017-04-28T07:08:23.608Z",
    "duration": 6,
    "testsRegistered": 1,
    "passPercent": 100,
    "pendingPercent": 0,
    "other": 0,
    "hasOther": false,
    "skipped": 0,
    "hasSkipped": false,
    "passPercentClass": "success",
    "pendingPercentClass": "danger"
  },
  "suites": {
    "title": "",
    "suites": [
      {
        "title": "App",
        "suites": [],
        "tests": [
          {
            "title": "renders something",
            "fullTitle": "App renders something",
            "timedOut": false,
            "duration": 0,
            "state": "passed",
            "speed": "fast",
            "pass": true,
            "fail": false,
            "pending": false,
            "code": "(0, _test_helper.expect)(component).to.exist;",
            "err": {},
            "isRoot": false,
            "uuid": "f5bd3bd9-0e52-443d-9857-af12cd774923",
            "parentUUID": "8a437f86-4e64-41f7-86c1-d62f18a47b95",
            "skipped": false
          }
        ],
        "pending": [],
        "root": false,
        "_timeout": 2000,
        "file": "\\client\\test\\components\\app_test.js",
        "uuid": "8a437f86-4e64-41f7-86c1-d62f18a47b95",
        "fullFile": "D:\\Work\\ATTIA\\Github\\harmony-boilerplate\\client\\test\\components\\app_test.js",
        "passes": [
          {
            "title": "renders something",
            "fullTitle": "App renders something",
            "timedOut": false,
            "duration": 0,
            "state": "passed",
            "speed": "fast",
            "pass": true,
            "fail": false,
            "pending": false,
            "code": "(0, _test_helper.expect)(component).to.exist;",
            "err": {},
            "isRoot": false,
            "uuid": "f5bd3bd9-0e52-443d-9857-af12cd774923",
            "parentUUID": "8a437f86-4e64-41f7-86c1-d62f18a47b95",
            "skipped": false
          }
        ],
        "failures": [],
        "skipped": [],
        "hasTests": true,
        "hasSuites": false,
        "totalTests": 1,
        "totalPasses": 1,
        "totalFailures": 0,
        "totalPending": 0,
        "totalSkipped": 0,
        "hasPasses": true,
        "hasFailures": false,
        "hasPending": false,
        "hasSkipped": false,
        "duration": 0,
        "rootEmpty": false
      }
    ],
    "tests": [],
    "pending": [],
    "root": true,
    "_timeout": 2000,
    "uuid": "696d8bc5-bf89-4c2d-8ea5-2bdd49bb5e50",
    "fullFile": "",
    "file": "",
    "passes": [],
    "failures": [],
    "skipped": [],
    "hasTests": false,
    "hasSuites": true,
    "totalTests": 0,
    "totalPasses": 0,
    "totalFailures": 0,
    "totalPending": 0,
    "totalSkipped": 0,
    "hasPasses": false,
    "hasFailures": false,
    "hasPending": false,
    "hasSkipped": false,
    "duration": 0,
    "rootEmpty": true
  },
  "allTests": [
    {
      "title": "renders something",
      "fullTitle": "App renders something",
      "timedOut": false,
      "duration": 0,
      "state": "passed",
      "speed": "fast",
      "pass": true,
      "fail": false,
      "pending": false,
      "code": "(0, _test_helper.expect)(component).to.exist;",
      "err": {},
      "isRoot": false,
      "uuid": "f5bd3bd9-0e52-443d-9857-af12cd774923",
      "parentUUID": "8a437f86-4e64-41f7-86c1-d62f18a47b95",
      "skipped": false
    }
  ],
  "allPending": [],
  "allPasses": [
    {
      "title": "renders something",
      "fullTitle": "App renders something",
      "timedOut": false,
      "duration": 0,
      "state": "passed",
      "speed": "fast",
      "pass": true,
      "fail": false,
      "pending": false,
      "code": "(0, _test_helper.expect)(component).to.exist;",
      "err": {},
      "isRoot": false,
      "uuid": "f5bd3bd9-0e52-443d-9857-af12cd774923",
      "parentUUID": "8a437f86-4e64-41f7-86c1-d62f18a47b95",
      "skipped": false
    }
  ],
  "allFailures": [],
  "copyrightYear": 2017
}