{
  "stats": {
    "suites": 1,
    "tests": 1,
    "passes": 1,
    "pending": 0,
    "failures": 0,
    "start": "2017-04-28T07:04:14.355Z",
    "end": "2017-04-28T07:04:14.361Z",
    "duration": 6,
    "testsRegistered": 1,
    "passPercent": 100,
    "pendingPercent": 0,
    "other": 0,
    "hasOther": false,
    "skipped": 0,
    "hasSkipped": false,
    "passPercentClass": "success",
    "pendingPercentClass": "danger"
  },
  "suites": {
    "title": "",
    "suites": [
      {
        "title": "App",
        "suites": [],
        "tests": [
          {
            "title": "renders something",
            "fullTitle": "App renders something",
            "timedOut": false,
            "duration": 0,
            "state": "passed",
            "speed": "fast",
            "pass": true,
            "fail": false,
            "pending": false,
            "code": "(0, _test_helper.expect)(component).to.exist;",
            "err": {},
            "isRoot": false,
            "uuid": "9e4f3294-74c4-4583-9dbe-24dfdfdbeaa8",
            "parentUUID": "a879b04d-2567-4a6b-a92b-3dea55e586ce",
            "skipped": false
          }
        ],
        "pending": [],
        "root": false,
        "_timeout": 2000,
        "file": "\\client\\test\\components\\app_test.js",
        "uuid": "a879b04d-2567-4a6b-a92b-3dea55e586ce",
        "fullFile": "D:\\Work\\ATTIA\\Github\\harmony-boilerplate\\client\\test\\components\\app_test.js",
        "passes": [
          {
            "title": "renders something",
            "fullTitle": "App renders something",
            "timedOut": false,
            "duration": 0,
            "state": "passed",
            "speed": "fast",
            "pass": true,
            "fail": false,
            "pending": false,
            "code": "(0, _test_helper.expect)(component).to.exist;",
            "err": {},
            "isRoot": false,
            "uuid": "9e4f3294-74c4-4583-9dbe-24dfdfdbeaa8",
            "parentUUID": "a879b04d-2567-4a6b-a92b-3dea55e586ce",
            "skipped": false
          }
        ],
        "failures": [],
        "skipped": [],
        "hasTests": true,
        "hasSuites": false,
        "totalTests": 1,
        "totalPasses": 1,
        "totalFailures": 0,
        "totalPending": 0,
        "totalSkipped": 0,
        "hasPasses": true,
        "hasFailures": false,
        "hasPending": false,
        "hasSkipped": false,
        "duration": 0,
        "rootEmpty": false
      }
    ],
    "tests": [],
    "pending": [],
    "root": true,
    "_timeout": 2000,
    "uuid": "9a112074-176f-4218-9dfc-180f93ef0560",
    "fullFile": "",
    "file": "",
    "passes": [],
    "failures": [],
    "skipped": [],
    "hasTests": false,
    "hasSuites": true,
    "totalTests": 0,
    "totalPasses": 0,
    "totalFailures": 0,
    "totalPending": 0,
    "totalSkipped": 0,
    "hasPasses": false,
    "hasFailures": false,
    "hasPending": false,
    "hasSkipped": false,
    "duration": 0,
    "rootEmpty": true
  },
  "allTests": [
    {
      "title": "renders something",
      "fullTitle": "App renders something",
      "timedOut": false,
      "duration": 0,
      "state": "passed",
      "speed": "fast",
      "pass": true,
      "fail": false,
      "pending": false,
      "code": "(0, _test_helper.expect)(component).to.exist;",
      "err": {},
      "isRoot": false,
      "uuid": "9e4f3294-74c4-4583-9dbe-24dfdfdbeaa8",
      "parentUUID": "a879b04d-2567-4a6b-a92b-3dea55e586ce",
      "skipped": false
    }
  ],
  "allPending": [],
  "allPasses": [
    {
      "title": "renders something",
      "fullTitle": "App renders something",
      "timedOut": false,
      "duration": 0,
      "state": "passed",
      "speed": "fast",
      "pass": true,
      "fail": false,
      "pending": false,
      "code": "(0, _test_helper.expect)(component).to.exist;",
      "err": {},
      "isRoot": false,
      "uuid": "9e4f3294-74c4-4583-9dbe-24dfdfdbeaa8",
      "parentUUID": "a879b04d-2567-4a6b-a92b-3dea55e586ce",
      "skipped": false
    }
  ],
  "allFailures": [],
  "copyrightYear": 2017
}